1689681747.781714 client started (3581): version 3.2a, socket /tmp/tmux-1001/default, protocol 8
1689681747.781740 on Linux 5.14.0-284.18.1.el9_2.x86_64 #1 SMP PREEMPT_DYNAMIC Thu Jun 29 17:06:27 EDT 2023
1689681747.781744 using libevent 2.1.12-stable (poll); ncurses 6.2
1689681747.781760 flags are 0x18010000
1689681747.781762 socket is /tmp/tmux-1001/default
1689681747.781775 trying connect
1689681747.782022 add peer 0x5596ab3efaf0: 6 ((nil))
1689681747.782321 sending message 100 to peer 0x5596ab3efaf0 (4 bytes)
1689681747.782330 sending message 111 to peer 0x5596ab3efaf0 (8 bytes)
1689681747.782332 sending message 101 to peer 0x5596ab3efaf0 (6 bytes)
1689681747.782335 sending message 109 to peer 0x5596ab3efaf0 (4 bytes)
1689681747.782337 sending message 102 to peer 0x5596ab3efaf0 (11 bytes)
1689681747.782340 sending message 108 to peer 0x5596ab3efaf0 (33 bytes)
1689681747.782343 sending message 112 to peer 0x5596ab3efaf0 (58 bytes)
1689681747.782345 sending message 112 to peer 0x5596ab3efaf0 (5 bytes)
1689681747.782348 sending message 112 to peer 0x5596ab3efaf0 (5 bytes)
1689681747.782350 sending message 112 to peer 0x5596ab3efaf0 (6 bytes)
1689681747.782353 sending message 112 to peer 0x5596ab3efaf0 (6 bytes)
1689681747.782355 sending message 112 to peer 0x5596ab3efaf0 (11 bytes)
1689681747.782358 sending message 112 to peer 0x5596ab3efaf0 (10 bytes)
1689681747.782360 sending message 112 to peer 0x5596ab3efaf0 (13 bytes)
1689681747.782363 sending message 112 to peer 0x5596ab3efaf0 (14 bytes)
1689681747.782365 sending message 112 to peer 0x5596ab3efaf0 (19 bytes)
1689681747.782367 sending message 112 to peer 0x5596ab3efaf0 (9 bytes)
1689681747.782370 sending message 112 to peer 0x5596ab3efaf0 (10 bytes)
1689681747.782372 sending message 112 to peer 0x5596ab3efaf0 (15 bytes)
1689681747.782374 sending message 112 to peer 0x5596ab3efaf0 (21 bytes)
1689681747.782377 sending message 112 to peer 0x5596ab3efaf0 (13 bytes)
1689681747.782379 sending message 112 to peer 0x5596ab3efaf0 (7 bytes)
1689681747.782382 sending message 112 to peer 0x5596ab3efaf0 (13 bytes)
1689681747.782384 sending message 112 to peer 0x5596ab3efaf0 (7 bytes)
1689681747.782387 sending message 112 to peer 0x5596ab3efaf0 (13 bytes)
1689681747.782389 sending message 112 to peer 0x5596ab3efaf0 (9 bytes)
1689681747.782392 sending message 112 to peer 0x5596ab3efaf0 (21 bytes)
1689681747.782394 sending message 112 to peer 0x5596ab3efaf0 (13 bytes)
1689681747.782396 sending message 112 to peer 0x5596ab3efaf0 (9 bytes)
1689681747.782399 sending message 112 to peer 0x5596ab3efaf0 (16 bytes)
1689681747.782402 sending message 112 to peer 0x5596ab3efaf0 (13 bytes)
1689681747.782406 sending message 112 to peer 0x5596ab3efaf0 (9 bytes)
1689681747.782409 sending message 112 to peer 0x5596ab3efaf0 (9 bytes)
1689681747.782413 sending message 112 to peer 0x5596ab3efaf0 (12 bytes)
1689681747.782417 sending message 112 to peer 0x5596ab3efaf0 (8 bytes)
1689681747.782420 sending message 112 to peer 0x5596ab3efaf0 (8 bytes)
1689681747.782424 sending message 112 to peer 0x5596ab3efaf0 (13 bytes)
1689681747.782427 sending message 112 to peer 0x5596ab3efaf0 (7 bytes)
1689681747.782430 sending message 112 to peer 0x5596ab3efaf0 (7 bytes)
1689681747.782433 sending message 112 to peer 0x5596ab3efaf0 (9 bytes)
1689681747.782436 sending message 112 to peer 0x5596ab3efaf0 (9 bytes)
1689681747.782440 sending message 112 to peer 0x5596ab3efaf0 (15 bytes)
1689681747.782444 sending message 112 to peer 0x5596ab3efaf0 (13 bytes)
1689681747.782447 sending message 112 to peer 0x5596ab3efaf0 (12 bytes)
1689681747.782450 sending message 112 to peer 0x5596ab3efaf0 (8 bytes)
1689681747.782452 sending message 112 to peer 0x5596ab3efaf0 (14 bytes)
1689681747.782455 sending message 112 to peer 0x5596ab3efaf0 (11 bytes)
1689681747.782457 sending message 112 to peer 0x5596ab3efaf0 (9 bytes)
1689681747.782459 sending message 112 to peer 0x5596ab3efaf0 (10 bytes)
1689681747.782462 sending message 112 to peer 0x5596ab3efaf0 (10 bytes)
1689681747.782464 sending message 112 to peer 0x5596ab3efaf0 (10 bytes)
1689681747.782473 sending message 112 to peer 0x5596ab3efaf0 (10 bytes)
1689681747.782476 sending message 112 to peer 0x5596ab3efaf0 (11 bytes)
1689681747.782478 sending message 112 to peer 0x5596ab3efaf0 (12 bytes)
1689681747.782480 sending message 112 to peer 0x5596ab3efaf0 (12 bytes)
1689681747.782483 sending message 112 to peer 0x5596ab3efaf0 (12 bytes)
1689681747.782487 sending message 112 to peer 0x5596ab3efaf0 (12 bytes)
1689681747.782490 sending message 112 to peer 0x5596ab3efaf0 (12 bytes)
1689681747.782494 sending message 112 to peer 0x5596ab3efaf0 (11 bytes)
1689681747.782497 sending message 112 to peer 0x5596ab3efaf0 (11 bytes)
1689681747.782501 sending message 112 to peer 0x5596ab3efaf0 (12 bytes)
1689681747.782504 sending message 112 to peer 0x5596ab3efaf0 (12 bytes)
1689681747.782508 sending message 112 to peer 0x5596ab3efaf0 (12 bytes)
1689681747.782510 sending message 112 to peer 0x5596ab3efaf0 (12 bytes)
1689681747.782513 sending message 112 to peer 0x5596ab3efaf0 (12 bytes)
1689681747.782515 sending message 112 to peer 0x5596ab3efaf0 (9 bytes)
1689681747.782517 sending message 112 to peer 0x5596ab3efaf0 (12 bytes)
1689681747.782520 sending message 112 to peer 0x5596ab3efaf0 (13 bytes)
1689681747.782522 sending message 112 to peer 0x5596ab3efaf0 (13 bytes)
1689681747.782524 sending message 112 to peer 0x5596ab3efaf0 (13 bytes)
1689681747.782527 sending message 112 to peer 0x5596ab3efaf0 (13 bytes)
1689681747.782529 sending message 112 to peer 0x5596ab3efaf0 (13 bytes)
1689681747.782531 sending message 112 to peer 0x5596ab3efaf0 (8 bytes)
1689681747.782534 sending message 112 to peer 0x5596ab3efaf0 (11 bytes)
1689681747.782536 sending message 112 to peer 0x5596ab3efaf0 (11 bytes)
1689681747.782539 sending message 112 to peer 0x5596ab3efaf0 (11 bytes)
1689681747.782541 sending message 112 to peer 0x5596ab3efaf0 (12 bytes)
1689681747.782543 sending message 112 to peer 0x5596ab3efaf0 (12 bytes)
1689681747.782546 sending message 112 to peer 0x5596ab3efaf0 (12 bytes)
1689681747.782548 sending message 112 to peer 0x5596ab3efaf0 (12 bytes)
1689681747.782550 sending message 112 to peer 0x5596ab3efaf0 (13 bytes)
1689681747.782552 sending message 112 to peer 0x5596ab3efaf0 (13 bytes)
1689681747.782555 sending message 112 to peer 0x5596ab3efaf0 (13 bytes)
1689681747.782557 sending message 112 to peer 0x5596ab3efaf0 (8 bytes)
1689681747.782560 sending message 112 to peer 0x5596ab3efaf0 (13 bytes)
1689681747.782562 sending message 112 to peer 0x5596ab3efaf0 (13 bytes)
1689681747.782564 sending message 112 to peer 0x5596ab3efaf0 (13 bytes)
1689681747.782567 sending message 112 to peer 0x5596ab3efaf0 (13 bytes)
1689681747.782569 sending message 112 to peer 0x5596ab3efaf0 (13 bytes)
1689681747.782571 sending message 112 to peer 0x5596ab3efaf0 (12 bytes)
1689681747.782573 sending message 112 to peer 0x5596ab3efaf0 (12 bytes)
1689681747.782576 sending message 112 to peer 0x5596ab3efaf0 (12 bytes)
1689681747.782578 sending message 112 to peer 0x5596ab3efaf0 (12 bytes)
1689681747.782580 sending message 112 to peer 0x5596ab3efaf0 (13 bytes)
1689681747.782583 sending message 112 to peer 0x5596ab3efaf0 (8 bytes)
1689681747.782585 sending message 112 to peer 0x5596ab3efaf0 (13 bytes)
1689681747.782587 sending message 112 to peer 0x5596ab3efaf0 (13 bytes)
1689681747.782590 sending message 112 to peer 0x5596ab3efaf0 (13 bytes)
1689681747.782592 sending message 112 to peer 0x5596ab3efaf0 (13 bytes)
1689681747.782594 sending message 112 to peer 0x5596ab3efaf0 (13 bytes)
1689681747.782597 sending message 112 to peer 0x5596ab3efaf0 (13 bytes)
1689681747.782599 sending message 112 to peer 0x5596ab3efaf0 (13 bytes)
1689681747.782601 sending message 112 to peer 0x5596ab3efaf0 (12 bytes)
1689681747.782604 sending message 112 to peer 0x5596ab3efaf0 (12 bytes)
1689681747.782606 sending message 112 to peer 0x5596ab3efaf0 (12 bytes)
1689681747.782608 sending message 112 to peer 0x5596ab3efaf0 (8 bytes)
1689681747.782611 sending message 112 to peer 0x5596ab3efaf0 (12 bytes)
1689681747.782613 sending message 112 to peer 0x5596ab3efaf0 (13 bytes)
1689681747.782618 sending message 112 to peer 0x5596ab3efaf0 (13 bytes)
1689681747.782621 sending message 112 to peer 0x5596ab3efaf0 (13 bytes)
1689681747.782623 sending message 112 to peer 0x5596ab3efaf0 (13 bytes)
1689681747.782625 sending message 112 to peer 0x5596ab3efaf0 (13 bytes)
1689681747.782628 sending message 112 to peer 0x5596ab3efaf0 (13 bytes)
1689681747.782630 sending message 112 to peer 0x5596ab3efaf0 (13 bytes)
1689681747.782633 sending message 112 to peer 0x5596ab3efaf0 (13 bytes)
1689681747.782635 sending message 112 to peer 0x5596ab3efaf0 (12 bytes)
1689681747.782643 sending message 112 to peer 0x5596ab3efaf0 (10 bytes)
1689681747.782646 sending message 112 to peer 0x5596ab3efaf0 (12 bytes)
1689681747.782648 sending message 112 to peer 0x5596ab3efaf0 (12 bytes)
1689681747.782650 sending message 112 to peer 0x5596ab3efaf0 (12 bytes)
1689681747.782653 sending message 112 to peer 0x5596ab3efaf0 (13 bytes)
1689681747.782655 sending message 112 to peer 0x5596ab3efaf0 (13 bytes)
1689681747.782657 sending message 112 to peer 0x5596ab3efaf0 (13 bytes)
1689681747.782660 sending message 112 to peer 0x5596ab3efaf0 (13 bytes)
1689681747.782662 sending message 112 to peer 0x5596ab3efaf0 (13 bytes)
1689681747.782664 sending message 112 to peer 0x5596ab3efaf0 (13 bytes)
1689681747.782667 sending message 112 to peer 0x5596ab3efaf0 (13 bytes)
1689681747.782669 sending message 112 to peer 0x5596ab3efaf0 (10 bytes)
1689681747.782672 sending message 112 to peer 0x5596ab3efaf0 (13 bytes)
1689681747.782674 sending message 112 to peer 0x5596ab3efaf0 (12 bytes)
1689681747.782676 sending message 112 to peer 0x5596ab3efaf0 (12 bytes)
1689681747.782679 sending message 112 to peer 0x5596ab3efaf0 (12 bytes)
1689681747.782681 sending message 112 to peer 0x5596ab3efaf0 (10 bytes)
1689681747.782683 sending message 112 to peer 0x5596ab3efaf0 (10 bytes)
1689681747.782686 sending message 112 to peer 0x5596ab3efaf0 (10 bytes)
1689681747.782688 sending message 112 to peer 0x5596ab3efaf0 (12 bytes)
1689681747.782691 sending message 112 to peer 0x5596ab3efaf0 (13 bytes)
1689681747.782693 sending message 112 to peer 0x5596ab3efaf0 (13 bytes)
1689681747.782695 sending message 112 to peer 0x5596ab3efaf0 (13 bytes)
1689681747.782698 sending message 112 to peer 0x5596ab3efaf0 (13 bytes)
1689681747.782700 sending message 112 to peer 0x5596ab3efaf0 (13 bytes)
1689681747.782702 sending message 112 to peer 0x5596ab3efaf0 (10 bytes)
1689681747.782705 sending message 112 to peer 0x5596ab3efaf0 (11 bytes)
1689681747.782707 sending message 112 to peer 0x5596ab3efaf0 (12 bytes)
1689681747.782709 sending message 112 to peer 0x5596ab3efaf0 (12 bytes)
1689681747.782712 sending message 112 to peer 0x5596ab3efaf0 (12 bytes)
1689681747.782714 sending message 112 to peer 0x5596ab3efaf0 (12 bytes)
1689681747.782717 sending message 112 to peer 0x5596ab3efaf0 (12 bytes)
1689681747.782719 sending message 112 to peer 0x5596ab3efaf0 (11 bytes)
1689681747.782721 sending message 112 to peer 0x5596ab3efaf0 (12 bytes)
1689681747.782724 sending message 112 to peer 0x5596ab3efaf0 (12 bytes)
1689681747.782726 sending message 112 to peer 0x5596ab3efaf0 (13 bytes)
1689681747.782728 sending message 112 to peer 0x5596ab3efaf0 (13 bytes)
1689681747.782731 sending message 112 to peer 0x5596ab3efaf0 (13 bytes)
1689681747.782733 sending message 112 to peer 0x5596ab3efaf0 (13 bytes)
1689681747.782735 sending message 112 to peer 0x5596ab3efaf0 (13 bytes)
1689681747.782738 sending message 112 to peer 0x5596ab3efaf0 (10 bytes)
1689681747.782740 sending message 112 to peer 0x5596ab3efaf0 (9 bytes)
1689681747.782743 sending message 112 to peer 0x5596ab3efaf0 (12 bytes)
1689681747.782745 sending message 112 to peer 0x5596ab3efaf0 (13 bytes)
1689681747.782747 sending message 112 to peer 0x5596ab3efaf0 (13 bytes)
1689681747.782750 sending message 112 to peer 0x5596ab3efaf0 (13 bytes)
1689681747.782752 sending message 112 to peer 0x5596ab3efaf0 (13 bytes)
1689681747.782754 sending message 112 to peer 0x5596ab3efaf0 (13 bytes)
1689681747.782757 sending message 112 to peer 0x5596ab3efaf0 (9 bytes)
1689681747.782762 sending message 112 to peer 0x5596ab3efaf0 (12 bytes)
1689681747.782764 sending message 112 to peer 0x5596ab3efaf0 (13 bytes)
1689681747.782767 sending message 112 to peer 0x5596ab3efaf0 (13 bytes)
1689681747.782769 sending message 112 to peer 0x5596ab3efaf0 (13 bytes)
1689681747.782771 sending message 112 to peer 0x5596ab3efaf0 (13 bytes)
1689681747.782774 sending message 112 to peer 0x5596ab3efaf0 (13 bytes)
1689681747.782776 sending message 112 to peer 0x5596ab3efaf0 (11 bytes)
1689681747.782778 sending message 112 to peer 0x5596ab3efaf0 (12 bytes)
1689681747.782781 sending message 112 to peer 0x5596ab3efaf0 (13 bytes)
1689681747.782783 sending message 112 to peer 0x5596ab3efaf0 (13 bytes)
1689681747.782785 sending message 112 to peer 0x5596ab3efaf0 (13 bytes)
1689681747.782788 sending message 112 to peer 0x5596ab3efaf0 (13 bytes)
1689681747.782793 sending message 112 to peer 0x5596ab3efaf0 (13 bytes)
1689681747.782795 sending message 112 to peer 0x5596ab3efaf0 (11 bytes)
1689681747.782797 sending message 112 to peer 0x5596ab3efaf0 (12 bytes)
1689681747.782799 sending message 112 to peer 0x5596ab3efaf0 (12 bytes)
1689681747.782802 sending message 112 to peer 0x5596ab3efaf0 (12 bytes)
1689681747.782804 sending message 112 to peer 0x5596ab3efaf0 (12 bytes)
1689681747.782806 sending message 112 to peer 0x5596ab3efaf0 (12 bytes)
1689681747.782808 sending message 112 to peer 0x5596ab3efaf0 (21 bytes)
1689681747.782811 sending message 112 to peer 0x5596ab3efaf0 (12 bytes)
1689681747.782813 sending message 112 to peer 0x5596ab3efaf0 (9 bytes)
1689681747.782815 sending message 112 to peer 0x5596ab3efaf0 (6 bytes)
1689681747.782817 sending message 112 to peer 0x5596ab3efaf0 (13 bytes)
1689681747.782821 sending message 112 to peer 0x5596ab3efaf0 (10 bytes)
1689681747.782825 sending message 112 to peer 0x5596ab3efaf0 (24 bytes)
1689681747.782828 sending message 112 to peer 0x5596ab3efaf0 (13 bytes)
1689681747.782832 sending message 112 to peer 0x5596ab3efaf0 (9 bytes)
1689681747.782838 sending message 112 to peer 0x5596ab3efaf0 (16 bytes)
1689681747.782841 sending message 112 to peer 0x5596ab3efaf0 (16 bytes)
1689681747.782843 sending message 112 to peer 0x5596ab3efaf0 (12 bytes)
1689681747.782845 sending message 112 to peer 0x5596ab3efaf0 (10 bytes)
1689681747.782848 sending message 112 to peer 0x5596ab3efaf0 (10 bytes)
1689681747.782850 sending message 112 to peer 0x5596ab3efaf0 (24 bytes)
1689681747.782852 sending message 112 to peer 0x5596ab3efaf0 (13 bytes)
1689681747.782854 sending message 112 to peer 0x5596ab3efaf0 (10 bytes)
1689681747.782857 sending message 112 to peer 0x5596ab3efaf0 (10 bytes)
1689681747.782859 sending message 112 to peer 0x5596ab3efaf0 (10 bytes)
1689681747.782861 sending message 112 to peer 0x5596ab3efaf0 (13 bytes)
1689681747.782863 sending message 112 to peer 0x5596ab3efaf0 (15 bytes)
1689681747.782866 sending message 112 to peer 0x5596ab3efaf0 (5 bytes)
1689681747.782869 sending message 104 to peer 0x5596ab3efaf0 (0 bytes)
1689681747.782872 sending message 110 to peer 0x5596ab3efaf0 (0 bytes)
1689681747.782875 sending message 107 to peer 0x5596ab3efaf0 (4 bytes)
1689681747.782880 sending message 105 to peer 0x5596ab3efaf0 (16 bytes)
1689681747.782882 sending message 105 to peer 0x5596ab3efaf0 (23 bytes)
1689681747.782885 sending message 105 to peer 0x5596ab3efaf0 (14 bytes)
1689681747.782887 sending message 105 to peer 0x5596ab3efaf0 (28 bytes)
1689681747.782889 sending message 105 to peer 0x5596ab3efaf0 (37 bytes)
1689681747.782892 sending message 105 to peer 0x5596ab3efaf0 (15 bytes)
1689681747.782894 sending message 105 to peer 0x5596ab3efaf0 (21 bytes)
1689681747.782896 sending message 105 to peer 0x5596ab3efaf0 (15 bytes)
1689681747.782899 sending message 105 to peer 0x5596ab3efaf0 (18 bytes)
1689681747.782903 sending message 105 to peer 0x5596ab3efaf0 (13 bytes)
1689681747.782906 sending message 105 to peer 0x5596ab3efaf0 (1525 bytes)
1689681747.782921 sending message 105 to peer 0x5596ab3efaf0 (56 bytes)
1689681747.782925 sending message 105 to peer 0x5596ab3efaf0 (23 bytes)
1689681747.782932 sending message 105 to peer 0x5596ab3efaf0 (11 bytes)
1689681747.782934 sending message 105 to peer 0x5596ab3efaf0 (35 bytes)
1689681747.782937 sending message 105 to peer 0x5596ab3efaf0 (12 bytes)
1689681747.782939 sending message 105 to peer 0x5596ab3efaf0 (8 bytes)
1689681747.782942 sending message 105 to peer 0x5596ab3efaf0 (18 bytes)
1689681747.782944 sending message 105 to peer 0x5596ab3efaf0 (31 bytes)
1689681747.782946 sending message 105 to peer 0x5596ab3efaf0 (36 bytes)
1689681747.782949 sending message 105 to peer 0x5596ab3efaf0 (25 bytes)
1689681747.782951 sending message 105 to peer 0x5596ab3efaf0 (96 bytes)
1689681747.782954 sending message 105 to peer 0x5596ab3efaf0 (54 bytes)
1689681747.782957 sending message 105 to peer 0x5596ab3efaf0 (28 bytes)
1689681747.782961 sending message 105 to peer 0x5596ab3efaf0 (19 bytes)
1689681747.782965 sending message 105 to peer 0x5596ab3efaf0 (20 bytes)
1689681747.782968 sending message 105 to peer 0x5596ab3efaf0 (145 bytes)
1689681747.782971 sending message 105 to peer 0x5596ab3efaf0 (16 bytes)
1689681747.782974 sending message 106 to peer 0x5596ab3efaf0 (0 bytes)
1689681747.782979 sending message 200 to peer 0x5596ab3efaf0 (4 bytes)
1689681747.782982 client loop enter
1689681747.788739 peer 0x5596ab3efaf0 message 207
1689681747.788753 sending message 208 to peer 0x5596ab3efaf0 (0 bytes)
1689681758.957636 peer 0x5596ab3efaf0 message 201
1689681758.957650 sending message 205 to peer 0x5596ab3efaf0 (0 bytes)
1689681758.958243 peer 0x5596ab3efaf0 message 204
1689681758.958251 client loop exit
