1689828139.040929 client started (9563): version 3.2a, socket /tmp/tmux-1001/default, protocol 8
1689828139.040981 on Linux 5.14.0-284.18.1.el9_2.x86_64 #1 SMP PREEMPT_DYNAMIC Thu Jun 29 17:06:27 EDT 2023
1689828139.040987 using libevent 2.1.12-stable (poll); ncurses 6.2
1689828139.041010 flags are 0x18010000
1689828139.041013 socket is /tmp/tmux-1001/default
1689828139.041031 trying connect
1689828139.041357 add peer 0x55bf392edad0: 6 ((nil))
1689828139.041700 sending message 100 to peer 0x55bf392edad0 (4 bytes)
1689828139.041711 sending message 111 to peer 0x55bf392edad0 (8 bytes)
1689828139.041717 sending message 101 to peer 0x55bf392edad0 (6 bytes)
1689828139.041721 sending message 109 to peer 0x55bf392edad0 (4 bytes)
1689828139.041724 sending message 102 to peer 0x55bf392edad0 (11 bytes)
1689828139.041727 sending message 108 to peer 0x55bf392edad0 (33 bytes)
1689828139.041731 sending message 112 to peer 0x55bf392edad0 (58 bytes)
1689828139.041734 sending message 112 to peer 0x55bf392edad0 (5 bytes)
1689828139.041737 sending message 112 to peer 0x55bf392edad0 (5 bytes)
1689828139.041740 sending message 112 to peer 0x55bf392edad0 (6 bytes)
1689828139.041743 sending message 112 to peer 0x55bf392edad0 (6 bytes)
1689828139.041746 sending message 112 to peer 0x55bf392edad0 (11 bytes)
1689828139.041749 sending message 112 to peer 0x55bf392edad0 (10 bytes)
1689828139.041752 sending message 112 to peer 0x55bf392edad0 (13 bytes)
1689828139.041755 sending message 112 to peer 0x55bf392edad0 (14 bytes)
1689828139.041758 sending message 112 to peer 0x55bf392edad0 (19 bytes)
1689828139.041761 sending message 112 to peer 0x55bf392edad0 (9 bytes)
1689828139.041764 sending message 112 to peer 0x55bf392edad0 (10 bytes)
1689828139.041767 sending message 112 to peer 0x55bf392edad0 (15 bytes)
1689828139.041770 sending message 112 to peer 0x55bf392edad0 (21 bytes)
1689828139.041773 sending message 112 to peer 0x55bf392edad0 (13 bytes)
1689828139.041776 sending message 112 to peer 0x55bf392edad0 (7 bytes)
1689828139.041779 sending message 112 to peer 0x55bf392edad0 (13 bytes)
1689828139.041782 sending message 112 to peer 0x55bf392edad0 (7 bytes)
1689828139.041785 sending message 112 to peer 0x55bf392edad0 (13 bytes)
1689828139.041788 sending message 112 to peer 0x55bf392edad0 (9 bytes)
1689828139.041791 sending message 112 to peer 0x55bf392edad0 (21 bytes)
1689828139.041794 sending message 112 to peer 0x55bf392edad0 (13 bytes)
1689828139.041797 sending message 112 to peer 0x55bf392edad0 (9 bytes)
1689828139.041800 sending message 112 to peer 0x55bf392edad0 (16 bytes)
1689828139.041803 sending message 112 to peer 0x55bf392edad0 (13 bytes)
1689828139.041806 sending message 112 to peer 0x55bf392edad0 (9 bytes)
1689828139.041809 sending message 112 to peer 0x55bf392edad0 (9 bytes)
1689828139.041812 sending message 112 to peer 0x55bf392edad0 (12 bytes)
1689828139.041815 sending message 112 to peer 0x55bf392edad0 (8 bytes)
1689828139.041817 sending message 112 to peer 0x55bf392edad0 (8 bytes)
1689828139.041820 sending message 112 to peer 0x55bf392edad0 (13 bytes)
1689828139.041823 sending message 112 to peer 0x55bf392edad0 (7 bytes)
1689828139.041826 sending message 112 to peer 0x55bf392edad0 (7 bytes)
1689828139.041829 sending message 112 to peer 0x55bf392edad0 (9 bytes)
1689828139.041832 sending message 112 to peer 0x55bf392edad0 (9 bytes)
1689828139.041835 sending message 112 to peer 0x55bf392edad0 (15 bytes)
1689828139.041838 sending message 112 to peer 0x55bf392edad0 (13 bytes)
1689828139.041841 sending message 112 to peer 0x55bf392edad0 (12 bytes)
1689828139.041844 sending message 112 to peer 0x55bf392edad0 (8 bytes)
1689828139.041847 sending message 112 to peer 0x55bf392edad0 (14 bytes)
1689828139.041850 sending message 112 to peer 0x55bf392edad0 (11 bytes)
1689828139.041853 sending message 112 to peer 0x55bf392edad0 (9 bytes)
1689828139.041856 sending message 112 to peer 0x55bf392edad0 (10 bytes)
1689828139.041859 sending message 112 to peer 0x55bf392edad0 (10 bytes)
1689828139.041863 sending message 112 to peer 0x55bf392edad0 (10 bytes)
1689828139.041873 sending message 112 to peer 0x55bf392edad0 (10 bytes)
1689828139.041877 sending message 112 to peer 0x55bf392edad0 (11 bytes)
1689828139.041879 sending message 112 to peer 0x55bf392edad0 (12 bytes)
1689828139.041882 sending message 112 to peer 0x55bf392edad0 (12 bytes)
1689828139.041885 sending message 112 to peer 0x55bf392edad0 (12 bytes)
1689828139.041888 sending message 112 to peer 0x55bf392edad0 (12 bytes)
1689828139.041892 sending message 112 to peer 0x55bf392edad0 (12 bytes)
1689828139.041895 sending message 112 to peer 0x55bf392edad0 (11 bytes)
1689828139.041898 sending message 112 to peer 0x55bf392edad0 (11 bytes)
1689828139.041901 sending message 112 to peer 0x55bf392edad0 (12 bytes)
1689828139.041904 sending message 112 to peer 0x55bf392edad0 (12 bytes)
1689828139.041907 sending message 112 to peer 0x55bf392edad0 (12 bytes)
1689828139.041910 sending message 112 to peer 0x55bf392edad0 (12 bytes)
1689828139.041913 sending message 112 to peer 0x55bf392edad0 (12 bytes)
1689828139.041916 sending message 112 to peer 0x55bf392edad0 (9 bytes)
1689828139.041918 sending message 112 to peer 0x55bf392edad0 (12 bytes)
1689828139.041921 sending message 112 to peer 0x55bf392edad0 (13 bytes)
1689828139.041924 sending message 112 to peer 0x55bf392edad0 (13 bytes)
1689828139.041927 sending message 112 to peer 0x55bf392edad0 (13 bytes)
1689828139.041930 sending message 112 to peer 0x55bf392edad0 (13 bytes)
1689828139.041933 sending message 112 to peer 0x55bf392edad0 (13 bytes)
1689828139.041937 sending message 112 to peer 0x55bf392edad0 (8 bytes)
1689828139.041940 sending message 112 to peer 0x55bf392edad0 (11 bytes)
1689828139.041943 sending message 112 to peer 0x55bf392edad0 (11 bytes)
1689828139.041946 sending message 112 to peer 0x55bf392edad0 (11 bytes)
1689828139.041949 sending message 112 to peer 0x55bf392edad0 (12 bytes)
1689828139.041952 sending message 112 to peer 0x55bf392edad0 (12 bytes)
1689828139.041959 sending message 112 to peer 0x55bf392edad0 (12 bytes)
1689828139.041962 sending message 112 to peer 0x55bf392edad0 (12 bytes)
1689828139.041965 sending message 112 to peer 0x55bf392edad0 (13 bytes)
1689828139.041968 sending message 112 to peer 0x55bf392edad0 (13 bytes)
1689828139.041971 sending message 112 to peer 0x55bf392edad0 (13 bytes)
1689828139.041974 sending message 112 to peer 0x55bf392edad0 (8 bytes)
1689828139.041977 sending message 112 to peer 0x55bf392edad0 (13 bytes)
1689828139.041980 sending message 112 to peer 0x55bf392edad0 (13 bytes)
1689828139.041983 sending message 112 to peer 0x55bf392edad0 (13 bytes)
1689828139.041986 sending message 112 to peer 0x55bf392edad0 (13 bytes)
1689828139.041989 sending message 112 to peer 0x55bf392edad0 (13 bytes)
1689828139.041992 sending message 112 to peer 0x55bf392edad0 (12 bytes)
1689828139.041996 sending message 112 to peer 0x55bf392edad0 (12 bytes)
1689828139.041999 sending message 112 to peer 0x55bf392edad0 (12 bytes)
1689828139.042003 sending message 112 to peer 0x55bf392edad0 (12 bytes)
1689828139.042006 sending message 112 to peer 0x55bf392edad0 (13 bytes)
1689828139.042009 sending message 112 to peer 0x55bf392edad0 (8 bytes)
1689828139.042012 sending message 112 to peer 0x55bf392edad0 (13 bytes)
1689828139.042015 sending message 112 to peer 0x55bf392edad0 (13 bytes)
1689828139.042018 sending message 112 to peer 0x55bf392edad0 (13 bytes)
1689828139.042021 sending message 112 to peer 0x55bf392edad0 (13 bytes)
1689828139.042024 sending message 112 to peer 0x55bf392edad0 (13 bytes)
1689828139.042027 sending message 112 to peer 0x55bf392edad0 (13 bytes)
1689828139.042030 sending message 112 to peer 0x55bf392edad0 (13 bytes)
1689828139.042033 sending message 112 to peer 0x55bf392edad0 (12 bytes)
1689828139.042036 sending message 112 to peer 0x55bf392edad0 (12 bytes)
1689828139.042039 sending message 112 to peer 0x55bf392edad0 (12 bytes)
1689828139.042042 sending message 112 to peer 0x55bf392edad0 (8 bytes)
1689828139.042045 sending message 112 to peer 0x55bf392edad0 (12 bytes)
1689828139.042048 sending message 112 to peer 0x55bf392edad0 (13 bytes)
1689828139.042054 sending message 112 to peer 0x55bf392edad0 (13 bytes)
1689828139.042057 sending message 112 to peer 0x55bf392edad0 (13 bytes)
1689828139.042060 sending message 112 to peer 0x55bf392edad0 (13 bytes)
1689828139.042063 sending message 112 to peer 0x55bf392edad0 (13 bytes)
1689828139.042066 sending message 112 to peer 0x55bf392edad0 (13 bytes)
1689828139.042069 sending message 112 to peer 0x55bf392edad0 (13 bytes)
1689828139.042072 sending message 112 to peer 0x55bf392edad0 (13 bytes)
1689828139.042075 sending message 112 to peer 0x55bf392edad0 (12 bytes)
1689828139.042078 sending message 112 to peer 0x55bf392edad0 (10 bytes)
1689828139.042081 sending message 112 to peer 0x55bf392edad0 (12 bytes)
1689828139.042084 sending message 112 to peer 0x55bf392edad0 (12 bytes)
1689828139.042087 sending message 112 to peer 0x55bf392edad0 (12 bytes)
1689828139.042090 sending message 112 to peer 0x55bf392edad0 (13 bytes)
1689828139.042093 sending message 112 to peer 0x55bf392edad0 (13 bytes)
1689828139.042096 sending message 112 to peer 0x55bf392edad0 (13 bytes)
1689828139.042099 sending message 112 to peer 0x55bf392edad0 (13 bytes)
1689828139.042102 sending message 112 to peer 0x55bf392edad0 (13 bytes)
1689828139.042105 sending message 112 to peer 0x55bf392edad0 (13 bytes)
1689828139.042107 sending message 112 to peer 0x55bf392edad0 (13 bytes)
1689828139.042110 sending message 112 to peer 0x55bf392edad0 (10 bytes)
1689828139.042113 sending message 112 to peer 0x55bf392edad0 (13 bytes)
1689828139.042116 sending message 112 to peer 0x55bf392edad0 (12 bytes)
1689828139.042119 sending message 112 to peer 0x55bf392edad0 (12 bytes)
1689828139.042122 sending message 112 to peer 0x55bf392edad0 (12 bytes)
1689828139.042125 sending message 112 to peer 0x55bf392edad0 (10 bytes)
1689828139.042128 sending message 112 to peer 0x55bf392edad0 (10 bytes)
1689828139.042131 sending message 112 to peer 0x55bf392edad0 (10 bytes)
1689828139.042134 sending message 112 to peer 0x55bf392edad0 (12 bytes)
1689828139.043185 sending message 112 to peer 0x55bf392edad0 (13 bytes)
1689828139.043192 sending message 112 to peer 0x55bf392edad0 (13 bytes)
1689828139.043196 sending message 112 to peer 0x55bf392edad0 (13 bytes)
1689828139.043199 sending message 112 to peer 0x55bf392edad0 (13 bytes)
1689828139.043202 sending message 112 to peer 0x55bf392edad0 (13 bytes)
1689828139.043205 sending message 112 to peer 0x55bf392edad0 (10 bytes)
1689828139.043209 sending message 112 to peer 0x55bf392edad0 (11 bytes)
1689828139.043213 sending message 112 to peer 0x55bf392edad0 (12 bytes)
1689828139.043216 sending message 112 to peer 0x55bf392edad0 (12 bytes)
1689828139.043219 sending message 112 to peer 0x55bf392edad0 (12 bytes)
1689828139.043223 sending message 112 to peer 0x55bf392edad0 (12 bytes)
1689828139.043226 sending message 112 to peer 0x55bf392edad0 (12 bytes)
1689828139.043229 sending message 112 to peer 0x55bf392edad0 (11 bytes)
1689828139.043232 sending message 112 to peer 0x55bf392edad0 (12 bytes)
1689828139.043235 sending message 112 to peer 0x55bf392edad0 (12 bytes)
1689828139.043238 sending message 112 to peer 0x55bf392edad0 (13 bytes)
1689828139.043241 sending message 112 to peer 0x55bf392edad0 (13 bytes)
1689828139.043244 sending message 112 to peer 0x55bf392edad0 (13 bytes)
1689828139.043247 sending message 112 to peer 0x55bf392edad0 (13 bytes)
1689828139.043250 sending message 112 to peer 0x55bf392edad0 (13 bytes)
1689828139.043253 sending message 112 to peer 0x55bf392edad0 (10 bytes)
1689828139.043256 sending message 112 to peer 0x55bf392edad0 (9 bytes)
1689828139.043259 sending message 112 to peer 0x55bf392edad0 (12 bytes)
1689828139.043262 sending message 112 to peer 0x55bf392edad0 (13 bytes)
1689828139.043265 sending message 112 to peer 0x55bf392edad0 (13 bytes)
1689828139.043268 sending message 112 to peer 0x55bf392edad0 (13 bytes)
1689828139.043271 sending message 112 to peer 0x55bf392edad0 (13 bytes)
1689828139.043274 sending message 112 to peer 0x55bf392edad0 (13 bytes)
1689828139.043277 sending message 112 to peer 0x55bf392edad0 (9 bytes)
1689828139.043289 sending message 112 to peer 0x55bf392edad0 (12 bytes)
1689828139.043292 sending message 112 to peer 0x55bf392edad0 (13 bytes)
1689828139.043295 sending message 112 to peer 0x55bf392edad0 (13 bytes)
1689828139.043298 sending message 112 to peer 0x55bf392edad0 (13 bytes)
1689828139.043301 sending message 112 to peer 0x55bf392edad0 (13 bytes)
1689828139.043304 sending message 112 to peer 0x55bf392edad0 (13 bytes)
1689828139.043307 sending message 112 to peer 0x55bf392edad0 (11 bytes)
1689828139.043310 sending message 112 to peer 0x55bf392edad0 (12 bytes)
1689828139.043313 sending message 112 to peer 0x55bf392edad0 (13 bytes)
1689828139.043316 sending message 112 to peer 0x55bf392edad0 (13 bytes)
1689828139.043319 sending message 112 to peer 0x55bf392edad0 (13 bytes)
1689828139.043321 sending message 112 to peer 0x55bf392edad0 (13 bytes)
1689828139.043327 sending message 112 to peer 0x55bf392edad0 (13 bytes)
1689828139.043331 sending message 112 to peer 0x55bf392edad0 (11 bytes)
1689828139.043334 sending message 112 to peer 0x55bf392edad0 (12 bytes)
1689828139.043337 sending message 112 to peer 0x55bf392edad0 (12 bytes)
1689828139.043340 sending message 112 to peer 0x55bf392edad0 (12 bytes)
1689828139.043343 sending message 112 to peer 0x55bf392edad0 (12 bytes)
1689828139.043346 sending message 112 to peer 0x55bf392edad0 (12 bytes)
1689828139.043349 sending message 112 to peer 0x55bf392edad0 (21 bytes)
1689828139.043352 sending message 112 to peer 0x55bf392edad0 (12 bytes)
1689828139.043355 sending message 112 to peer 0x55bf392edad0 (9 bytes)
1689828139.043357 sending message 112 to peer 0x55bf392edad0 (6 bytes)
1689828139.043361 sending message 112 to peer 0x55bf392edad0 (13 bytes)
1689828139.043364 sending message 112 to peer 0x55bf392edad0 (10 bytes)
1689828139.043366 sending message 112 to peer 0x55bf392edad0 (24 bytes)
1689828139.043369 sending message 112 to peer 0x55bf392edad0 (13 bytes)
1689828139.043372 sending message 112 to peer 0x55bf392edad0 (9 bytes)
1689828139.043377 sending message 112 to peer 0x55bf392edad0 (16 bytes)
1689828139.043380 sending message 112 to peer 0x55bf392edad0 (16 bytes)
1689828139.043383 sending message 112 to peer 0x55bf392edad0 (12 bytes)
1689828139.043386 sending message 112 to peer 0x55bf392edad0 (10 bytes)
1689828139.043389 sending message 112 to peer 0x55bf392edad0 (10 bytes)
1689828139.043392 sending message 112 to peer 0x55bf392edad0 (24 bytes)
1689828139.043394 sending message 112 to peer 0x55bf392edad0 (13 bytes)
1689828139.043398 sending message 112 to peer 0x55bf392edad0 (10 bytes)
1689828139.043400 sending message 112 to peer 0x55bf392edad0 (10 bytes)
1689828139.043403 sending message 112 to peer 0x55bf392edad0 (10 bytes)
1689828139.043406 sending message 112 to peer 0x55bf392edad0 (13 bytes)
1689828139.043409 sending message 112 to peer 0x55bf392edad0 (15 bytes)
1689828139.043412 sending message 112 to peer 0x55bf392edad0 (5 bytes)
1689828139.043419 sending message 104 to peer 0x55bf392edad0 (0 bytes)
1689828139.043423 sending message 110 to peer 0x55bf392edad0 (0 bytes)
1689828139.043427 sending message 107 to peer 0x55bf392edad0 (4 bytes)
1689828139.043433 sending message 105 to peer 0x55bf392edad0 (16 bytes)
1689828139.043436 sending message 105 to peer 0x55bf392edad0 (23 bytes)
1689828139.043439 sending message 105 to peer 0x55bf392edad0 (14 bytes)
1689828139.043441 sending message 105 to peer 0x55bf392edad0 (28 bytes)
1689828139.043444 sending message 105 to peer 0x55bf392edad0 (37 bytes)
1689828139.043447 sending message 105 to peer 0x55bf392edad0 (15 bytes)
1689828139.043450 sending message 105 to peer 0x55bf392edad0 (21 bytes)
1689828139.043453 sending message 105 to peer 0x55bf392edad0 (15 bytes)
1689828139.043456 sending message 105 to peer 0x55bf392edad0 (18 bytes)
1689828139.043459 sending message 105 to peer 0x55bf392edad0 (13 bytes)
1689828139.043463 sending message 105 to peer 0x55bf392edad0 (1525 bytes)
1689828139.043483 sending message 105 to peer 0x55bf392edad0 (54 bytes)
1689828139.043486 sending message 105 to peer 0x55bf392edad0 (23 bytes)
1689828139.043492 sending message 105 to peer 0x55bf392edad0 (11 bytes)
1689828139.043495 sending message 105 to peer 0x55bf392edad0 (35 bytes)
1689828139.043499 sending message 105 to peer 0x55bf392edad0 (12 bytes)
1689828139.043502 sending message 105 to peer 0x55bf392edad0 (8 bytes)
1689828139.043505 sending message 105 to peer 0x55bf392edad0 (18 bytes)
1689828139.043508 sending message 105 to peer 0x55bf392edad0 (31 bytes)
1689828139.043511 sending message 105 to peer 0x55bf392edad0 (34 bytes)
1689828139.043514 sending message 105 to peer 0x55bf392edad0 (25 bytes)
1689828139.043517 sending message 105 to peer 0x55bf392edad0 (96 bytes)
1689828139.043520 sending message 105 to peer 0x55bf392edad0 (54 bytes)
1689828139.043523 sending message 105 to peer 0x55bf392edad0 (28 bytes)
1689828139.043526 sending message 105 to peer 0x55bf392edad0 (19 bytes)
1689828139.043529 sending message 105 to peer 0x55bf392edad0 (20 bytes)
1689828139.043532 sending message 105 to peer 0x55bf392edad0 (145 bytes)
1689828139.043535 sending message 105 to peer 0x55bf392edad0 (16 bytes)
1689828139.043538 sending message 106 to peer 0x55bf392edad0 (0 bytes)
1689828139.043546 sending message 200 to peer 0x55bf392edad0 (4 bytes)
1689828139.043549 client loop enter
1689828139.055677 peer 0x55bf392edad0 message 207
1689828139.055695 sending message 208 to peer 0x55bf392edad0 (0 bytes)
1689828160.411441 peer 0x55bf392edad0 message 201
1689828160.411479 sending message 205 to peer 0x55bf392edad0 (0 bytes)
1689828160.414767 peer 0x55bf392edad0 message 204
1689828160.414787 client loop exit
